══════════════════════════════════════════════════════════════════════════════
session s8-d03387f8  ─  query: For Lagos, Cairo, and Kinshasa, find current populations and growth rates and tell me which is growing fastest.
══════════════════════════════════════════════════════════════════════════════
[n:1] planner            complete (4.7s)
[06/12/26 17:42:42] INFO     Processing request of type CallToolRequest                                                                                                                  server.py:727
[06/12/26 17:42:46] INFO     Processing request of type CallToolRequest                                                                                                                  server.py:727
[06/12/26 17:42:47] INFO     Processing request of type ListToolsRequest                                                                                                                 server.py:727
[06/12/26 17:42:50] INFO     Processing request of type CallToolRequest                                                                                                                  server.py:727
[06/12/26 17:42:50] INFO     Processing request of type ListToolsRequest                                                                                                                 server.py:727
[06/12/26 17:42:54] INFO     Processing request of type CallToolRequest                                                                                                                  server.py:727
[06/12/26 17:42:54] INFO     Processing request of type ListToolsRequest                                                                                                                 server.py:727
[INIT].... → Crawl4AI 0.8.6 
[06/12/26 17:42:58] INFO     Processing request of type CallToolRequest                                                                                                                  server.py:727
[INIT].... → Crawl4AI 0.8.6 
[FETCH]... ↓ https://www.worldometers.info/world-population/democratic-republic-of-the-congo-population           | ✓ | ⏱: 4.07s 
[SCRAPE].. ◆ https://www.worldometers.info/world-population/democratic-republic-of-the-congo-population           | ✓ | ⏱: 0.08s 
[COMPLETE] ● https://www.worldometers.info/world-population/democratic-republic-of-the-congo-population           | ✓ | ⏱: 4.16s 
[FETCH]... ↓ https://www.macrotrends.net/global-metrics/cities/22007/lagos/population                             | ✓ | ⏱: 1.55s 
[SCRAPE].. ◆ https://www.macrotrends.net/global-metrics/cities/22007/lagos/population                             | ✓ | ⏱: 0.02s 
[COMPLETE] ● https://www.macrotrends.net/global-metrics/cities/22007/lagos/population                             | ✓ | ⏱: 1.60s 
[06/12/26 17:43:02] INFO     Processing request of type CallToolRequest                                                                                                                  server.py:727
[INIT].... → Crawl4AI 0.8.6 
[FETCH]... ↓ https://www.macrotrends.net/global-metrics/cities/22812/cairo/population                             | ✓ | ⏱: 1.39s 
[SCRAPE].. ◆ https://www.macrotrends.net/global-metrics/cities/22812/cairo/population                             | ✓ | ⏱: 0.01s 
[COMPLETE] ● https://www.macrotrends.net/global-metrics/cities/22812/cairo/population                             | ✓ | ⏱: 1.40s 
[n:2] researcher         complete (32.2s)
[n:3] researcher         complete (38.4s)
[n:4] researcher         complete (28.3s)