══════════════════════════════════════════════════════════════════════════════
session s8-ff77e5f0  ─  query: Find the populations of London, Paris, Berlin and tell me which two are closest in size.
══════════════════════════════════════════════════════════════════════════════
[n:1] planner            complete (4.5s)
[06/12/26 17:25:16] INFO     Processing request of type CallToolRequest                                                                                                                  server.py:727
[06/12/26 17:25:19] INFO     Processing request of type CallToolRequest                                                                                                                  server.py:727
[06/12/26 17:25:20] INFO     Processing request of type ListToolsRequest                                                                                                                 server.py:727
[06/12/26 17:25:23] INFO     Processing request of type ListToolsRequest                                                                                                                 server.py:727
[06/12/26 17:25:24] INFO     Processing request of type CallToolRequest                                                                                                                  server.py:727
[06/12/26 17:25:28] INFO     Processing request of type ListToolsRequest                                                                                                                 server.py:727
[06/12/26 17:25:35] INFO     Processing request of type CallToolRequest                                                                                                                  server.py:727
[INIT].... → Crawl4AI 0.8.6 
[FETCH]... ↓ https://www.businesslocationcenter.de/en/business-location/berlin-at-a-glance/demographic-data       | ✓ | ⏱: 4.26s 
[SCRAPE].. ◆ https://www.businesslocationcenter.de/en/business-location/berlin-at-a-glance/demographic-data       | ✓ | ⏱: 0.06s 
[COMPLETE] ● https://www.businesslocationcenter.de/en/business-location/berlin-at-a-glance/demographic-data       | ✓ | ⏱: 4.34s 
[n:2] researcher         complete (20.6s)
[n:3] researcher         complete (16.0s)
[n:4] researcher         complete (32.3s)
[n:5] coder              complete (4.0s)
[n:6] formatter          complete (3.0s)
[n:7] sandbox_executor   complete (0.0s)

══════════════════════════════════════════════════════════════════════════════
FINAL: Based on the provided data, the populations of the three cities are approximately as follows:

1. London: 9.1 million (Greater London)
2. Berlin: 3.9 million
3. Paris: 2.05 million (City proper)

Comparing these figures, the two cities closest in size are Berlin and Paris, with a population difference of approximately 1.85 million.
══════════════════════════════════════════════════════════════════════════════